2016-10-06	00:11:01	+0800	485dadb2-74e3-4be0-b26d-3a6d6560d1ef	1	POST create and start Process_SignIn process	0	OK	INTERFACE	SERVICE_ENTER		
2016-10-06	00:11:01	+0800	6c98e3fd-6521-4d27-be2b-b1a1600c91b3	2	Process_SignIn	0	OK	PSTATE	TRANSITION_ENTER	StartSignIn	
2016-10-06	00:11:01	+0800	6c98e3fd-6521-4d27-be2b-b1a1600c91b3	2	Process Start	84	OK	PROCESS_START	CUSTOM	Process_SignIn::4f602060-8b16-11e6-835d-ab07f491c16f	StartSignIn
2016-10-06	00:11:01	+0800	6c98e3fd-6521-4d27-be2b-b1a1600c91b3	2	Process_SignIn	89	OK	PSTATE	TRANSITION_EXIT	StartSignIn	
2016-10-06	00:11:01	+0800	2d3973bc-7268-41b8-89e0-432a9531f7c8	3	Process_SignIn	0	OK	PSTATE	TRANSITION_ENTER	TaskSignIn	
2016-10-06	00:11:01	+0800	2d3973bc-7268-41b8-89e0-432a9531f7c8	3	Process State Start	2	OK	PROCESS_STATE_START	CUSTOM	Process_SignIn::4f602060-8b16-11e6-835d-ab07f491c16f	TaskSignIn
2016-10-06	00:11:01	+0800	2d3973bc-7268-41b8-89e0-432a9531f7c8	3	Process_SignIn	7	OK	PSTATE	TRANSITION_EXIT	TaskSignIn	
2016-10-06	00:11:02	+0800	485dadb2-74e3-4be0-b26d-3a6d6560d1ef	1	POST create and start Process_SignIn process	154	OK	INTERFACE	SERVICE_EXIT		
2016-10-06	00:13:41	+0800	ccc99cc3-d15a-409b-921c-f880f832f1f3	4	POST create and start Process_SignIn process	0	OK	INTERFACE	SERVICE_ENTER		
2016-10-06	00:13:41	+0800	b890f265-6e17-4b9b-8307-f91f2799c1a5	5	Process_SignIn	0	OK	PSTATE	TRANSITION_ENTER	StartSignIn	
2016-10-06	00:13:41	+0800	b890f265-6e17-4b9b-8307-f91f2799c1a5	5	Process Start	5	OK	PROCESS_START	CUSTOM	Process_SignIn::aed058d0-8b16-11e6-835d-ab07f491c16f	StartSignIn
2016-10-06	00:13:41	+0800	b890f265-6e17-4b9b-8307-f91f2799c1a5	5	Process_SignIn	7	OK	PSTATE	TRANSITION_EXIT	StartSignIn	
2016-10-06	00:13:41	+0800	7c87f67b-c809-4b60-89f6-e57a2ee47fad	6	Process_SignIn	0	OK	PSTATE	TRANSITION_ENTER	TaskSignIn	
2016-10-06	00:13:41	+0800	7c87f67b-c809-4b60-89f6-e57a2ee47fad	6	Process State Start	1	OK	PROCESS_STATE_START	CUSTOM	Process_SignIn::aed058d0-8b16-11e6-835d-ab07f491c16f	TaskSignIn
2016-10-06	00:13:41	+0800	7c87f67b-c809-4b60-89f6-e57a2ee47fad	6	Process_SignIn	3	OK	PSTATE	TRANSITION_EXIT	TaskSignIn	
2016-10-06	00:13:42	+0800	ccc99cc3-d15a-409b-921c-f880f832f1f3	4	POST create and start Process_SignIn process	21	OK	INTERFACE	SERVICE_EXIT		
2016-10-06	00:13:52	+0800	52bb9772-f467-4b46-800d-fd9ccb15874a	7	POST create and start Process_SignIn process	0	OK	INTERFACE	SERVICE_ENTER		
2016-10-06	00:13:52	+0800	72a53fc6-3ceb-42ef-875a-9ce1da0e9778	8	Process_SignIn	0	OK	PSTATE	TRANSITION_ENTER	StartSignIn	
2016-10-06	00:13:52	+0800	72a53fc6-3ceb-42ef-875a-9ce1da0e9778	8	Process Start	1	OK	PROCESS_START	CUSTOM	Process_SignIn::b51432c0-8b16-11e6-835d-ab07f491c16f	StartSignIn
2016-10-06	00:13:52	+0800	72a53fc6-3ceb-42ef-875a-9ce1da0e9778	8	Process_SignIn	6	OK	PSTATE	TRANSITION_EXIT	StartSignIn	
2016-10-06	00:13:52	+0800	32cac536-3927-46f3-bdad-21d75e075258	9	Process_SignIn	0	OK	PSTATE	TRANSITION_ENTER	TaskSignIn	
2016-10-06	00:13:52	+0800	32cac536-3927-46f3-bdad-21d75e075258	9	Process State Start	1	OK	PROCESS_STATE_START	CUSTOM	Process_SignIn::b51432c0-8b16-11e6-835d-ab07f491c16f	TaskSignIn
2016-10-06	00:13:52	+0800	32cac536-3927-46f3-bdad-21d75e075258	9	Process_SignIn	4	OK	PSTATE	TRANSITION_EXIT	TaskSignIn	
2016-10-06	00:13:52	+0800	52bb9772-f467-4b46-800d-fd9ccb15874a	7	POST create and start Process_SignIn process	21	OK	INTERFACE	SERVICE_EXIT		
2016-10-06	00:36:55	+0800	dc3d8764-7fe8-4ec7-8bb9-9ca8fd2e988e	10	POST create and start Process_SignIn process	0	OK	INTERFACE	SERVICE_ENTER		
2016-10-06	00:36:55	+0800	b65c9db8-c2ff-4dd9-afad-e670ed660b6e	11	Process_SignIn	0	OK	PSTATE	TRANSITION_ENTER	StartSignIn	
2016-10-06	00:36:55	+0800	b65c9db8-c2ff-4dd9-afad-e670ed660b6e	11	Process Start	95	OK	PROCESS_START	CUSTOM	Process_SignIn::ed9be900-8b19-11e6-835d-ab07f491c16f	StartSignIn
2016-10-06	00:36:55	+0800	b65c9db8-c2ff-4dd9-afad-e670ed660b6e	11	Process_SignIn	99	OK	PSTATE	TRANSITION_EXIT	StartSignIn	
2016-10-06	00:36:55	+0800	a3a5b690-cba9-4e82-9606-a69f6179dc01	12	Process_SignIn	0	OK	PSTATE	TRANSITION_ENTER	TaskSignIn	
2016-10-06	00:36:55	+0800	a3a5b690-cba9-4e82-9606-a69f6179dc01	12	Process State Start	2	OK	PROCESS_STATE_START	CUSTOM	Process_SignIn::ed9be900-8b19-11e6-835d-ab07f491c16f	TaskSignIn
2016-10-06	00:36:55	+0800	a3a5b690-cba9-4e82-9606-a69f6179dc01	12	Process_SignIn	5	OK	PSTATE	TRANSITION_EXIT	TaskSignIn	
2016-10-06	00:36:55	+0800	dc3d8764-7fe8-4ec7-8bb9-9ca8fd2e988e	10	POST create and start Process_SignIn process	113	OK	INTERFACE	SERVICE_EXIT		
2016-10-06	00:39:20	+0800	8f4ec0fc-7f3b-4f90-99d1-769595081d29	13	GET Process_SignIn processes	0	OK	INTERFACE	SERVICE_ENTER		
2016-10-06	00:39:20	+0800	8f4ec0fc-7f3b-4f90-99d1-769595081d29	13	GET Process_SignIn processes	6	OK	INTERFACE	SERVICE_EXIT		
2016-10-06	01:18:23	+0800	63206bb9-4a4b-4321-b4b8-4846384912ec	1	POST create and start Process_SignIn process	0	OK	INTERFACE	SERVICE_ENTER		
2016-10-06	01:18:23	+0800	63206bb9-4a4b-4321-b4b8-4846384912ec	1	POST create and start Process_SignIn process	34	ERROR	INTERFACE	SERVICE_EXIT		
2016-10-06	01:19:12	+0800	a1f1feaa-52d9-4b05-91f1-38cebab2b36b	2	POST create and start Process_SignIn process	0	OK	INTERFACE	SERVICE_ENTER		
2016-10-06	01:19:12	+0800	f04a4f1a-8ee8-416e-8dc3-1d1dde88923b	3	Process_SignIn	0	OK	PSTATE	TRANSITION_ENTER	StartSignIn	
2016-10-06	01:19:12	+0800	f04a4f1a-8ee8-416e-8dc3-1d1dde88923b	3	Process Start	4	OK	PROCESS_START	CUSTOM	Process_SignIn::d58e2b10-8b1f-11e6-9dd4-7394aae609ed	StartSignIn
2016-10-06	01:19:12	+0800	f04a4f1a-8ee8-416e-8dc3-1d1dde88923b	3	Process_SignIn	9	OK	PSTATE	TRANSITION_EXIT	StartSignIn	
2016-10-06	01:19:12	+0800	6e0baf26-38ab-426d-a15c-62314a56df7f	4	Process_SignIn	0	OK	PSTATE	TRANSITION_ENTER	TaskSignIn	
2016-10-06	01:19:12	+0800	6e0baf26-38ab-426d-a15c-62314a56df7f	4	Process State Start	4	OK	PROCESS_STATE_START	CUSTOM	Process_SignIn::d58e2b10-8b1f-11e6-9dd4-7394aae609ed	TaskSignIn
2016-10-06	01:19:12	+0800	6e0baf26-38ab-426d-a15c-62314a56df7f	4	Process_SignIn	7	OK	PSTATE	TRANSITION_EXIT	TaskSignIn	
2016-10-06	01:19:12	+0800	a1f1feaa-52d9-4b05-91f1-38cebab2b36b	2	POST create and start Process_SignIn process	43	OK	INTERFACE	SERVICE_EXIT		
2016-10-06	01:19:12	+0800	42e7e58a-87d0-4e47-93dc-b53244461084	5	POST create and start Process_SignIn process	0	OK	INTERFACE	SERVICE_ENTER		
2016-10-06	01:19:12	+0800	42e7e58a-87d0-4e47-93dc-b53244461084	5	POST create and start Process_SignIn process	13	ERROR	INTERFACE	SERVICE_EXIT		
2016-10-06	01:19:37	+0800	ced595f0-77ca-43b8-8c9b-7b794595bfad	6	POST create and start Process_SignIn process	0	OK	INTERFACE	SERVICE_ENTER		
2016-10-06	01:19:37	+0800	ced595f0-77ca-43b8-8c9b-7b794595bfad	6	POST create and start Process_SignIn process	4	ERROR	INTERFACE	SERVICE_EXIT		
2016-10-06	01:30:23	+0800	676892f0-198b-4ce6-995a-dfd9331b060b	1	Process_SignIn	0	OK	PSTATE	TRANSITION_ENTER	StartSignIn	
2016-10-06	01:30:23	+0800	676892f0-198b-4ce6-995a-dfd9331b060b	1	Process Start	6	OK	PROCESS_START	CUSTOM	Process_SignIn::Process_SignIn	StartSignIn
2016-10-06	01:30:23	+0800	676892f0-198b-4ce6-995a-dfd9331b060b	1	Process_SignIn	12	OK	PSTATE	TRANSITION_EXIT	StartSignIn	
2016-10-06	01:30:23	+0800	31dbcfcc-e8c1-460a-80fc-53ff1dbbbb88	2	Process_SignIn	0	OK	PSTATE	TRANSITION_ENTER	TaskSignIn	
2016-10-06	01:30:23	+0800	31dbcfcc-e8c1-460a-80fc-53ff1dbbbb88	2	Process State Start	4	OK	PROCESS_STATE_START	CUSTOM	Process_SignIn::Process_SignIn	TaskSignIn
2016-10-06	01:30:23	+0800	31dbcfcc-e8c1-460a-80fc-53ff1dbbbb88	2	Process_SignIn	6	OK	PSTATE	TRANSITION_EXIT	TaskSignIn	
2016-10-06	01:30:23	+0800	52cd8ba9-aff8-43fb-b634-3927fbb4f682	3	Process_SignIn	0	OK	PSTATE	TRANSITION_ENTER	TaskSignInDone	
2016-10-06	01:30:23	+0800	52cd8ba9-aff8-43fb-b634-3927fbb4f682	3	Process State End	3	OK	PROCESS_STATE_END	CUSTOM	Process_SignIn::Process_SignIn	TaskSignIn
2016-10-06	01:30:23	+0800	52cd8ba9-aff8-43fb-b634-3927fbb4f682	3	Process_SignIn	6	OK	PSTATE	TRANSITION_EXIT	TaskSignInDone	
2016-10-06	01:30:23	+0800	6f111678-541f-4ad3-8c60-334b100ca762	4	Process_SignIn	0	OK	PSTATE	TRANSITION_ENTER	EndSignIn	
2016-10-06	01:30:23	+0800	6f111678-541f-4ad3-8c60-334b100ca762	4	Process End	1	OK	PROCESS_END	CUSTOM	Process_SignIn::Process_SignIn	EndSignIn
2016-10-06	01:30:23	+0800	6f111678-541f-4ad3-8c60-334b100ca762	4	Process_SignIn	5	OK	PSTATE	TRANSITION_EXIT	EndSignIn	
2016-10-06	01:52:45	+0800	a5668727-0471-4ea4-bdae-e461fbc4e974	1	Process_SignIn	0	OK	PSTATE	TRANSITION_ENTER	StartSignIn	
2016-10-06	01:52:45	+0800	a5668727-0471-4ea4-bdae-e461fbc4e974	1	Process Start	6	OK	PROCESS_START	CUSTOM	Process_SignIn::Process_SignIn	StartSignIn
2016-10-06	01:52:45	+0800	a5668727-0471-4ea4-bdae-e461fbc4e974	1	Process_SignIn	12	OK	PSTATE	TRANSITION_EXIT	StartSignIn	
2016-10-06	01:52:45	+0800	482d84a9-0cf7-4edd-a763-09cd28483c91	2	Process_SignIn	0	OK	PSTATE	TRANSITION_ENTER	TaskSignIn	
2016-10-06	01:52:45	+0800	482d84a9-0cf7-4edd-a763-09cd28483c91	2	Process State Start	6	OK	PROCESS_STATE_START	CUSTOM	Process_SignIn::Process_SignIn	TaskSignIn
2016-10-06	01:52:45	+0800	482d84a9-0cf7-4edd-a763-09cd28483c91	2	Process_SignIn	9	OK	PSTATE	TRANSITION_EXIT	TaskSignIn	
2016-10-06	01:53:36	+0800	09b14f81-2616-4e69-99e3-93a75b4c847e	1	Process_SignIn	0	OK	PSTATE	TRANSITION_ENTER	StartSignIn	
2016-10-06	01:53:36	+0800	09b14f81-2616-4e69-99e3-93a75b4c847e	1	Process Start	6	OK	PROCESS_START	CUSTOM	Process_SignIn::Process_SignIn	StartSignIn
2016-10-06	01:53:36	+0800	09b14f81-2616-4e69-99e3-93a75b4c847e	1	Process_SignIn	12	OK	PSTATE	TRANSITION_EXIT	StartSignIn	
2016-10-06	01:53:37	+0800	db0e5828-73ab-450b-a0f3-9b703b13ef18	2	Process_SignIn	0	OK	PSTATE	TRANSITION_ENTER	TaskSignIn	
2016-10-06	01:53:37	+0800	db0e5828-73ab-450b-a0f3-9b703b13ef18	2	Process State Start	2	OK	PROCESS_STATE_START	CUSTOM	Process_SignIn::Process_SignIn	TaskSignIn
2016-10-06	01:53:37	+0800	db0e5828-73ab-450b-a0f3-9b703b13ef18	2	Process_SignIn	5	OK	PSTATE	TRANSITION_EXIT	TaskSignIn	
2016-10-06	01:54:23	+0800	4a8c7bab-21fc-4f09-bcca-950a31d6725d	1	Process_SignIn	0	OK	PSTATE	TRANSITION_ENTER	StartSignIn	
2016-10-06	01:54:23	+0800	4a8c7bab-21fc-4f09-bcca-950a31d6725d	1	Process Start	8	OK	PROCESS_START	CUSTOM	Process_SignIn::Process_SignIn	StartSignIn
2016-10-06	01:54:23	+0800	4a8c7bab-21fc-4f09-bcca-950a31d6725d	1	Process_SignIn	19	OK	PSTATE	TRANSITION_EXIT	StartSignIn	
2016-10-06	01:54:23	+0800	2b4046a2-43aa-42d9-a707-6bdc4a2fcb07	2	Process_SignIn	0	OK	PSTATE	TRANSITION_ENTER	TaskSignIn	
2016-10-06	01:54:23	+0800	2b4046a2-43aa-42d9-a707-6bdc4a2fcb07	2	Process State Start	2	OK	PROCESS_STATE_START	CUSTOM	Process_SignIn::Process_SignIn	TaskSignIn
2016-10-06	01:54:23	+0800	2b4046a2-43aa-42d9-a707-6bdc4a2fcb07	2	Process_SignIn	6	OK	PSTATE	TRANSITION_EXIT	TaskSignIn	
2016-10-06	01:54:52	+0800	b180f487-a0d1-4756-9520-ab80b95a54ff	1	Process_SignIn	0	OK	PSTATE	TRANSITION_ENTER	StartSignIn	
2016-10-06	01:54:52	+0800	b180f487-a0d1-4756-9520-ab80b95a54ff	1	Process Start	7	OK	PROCESS_START	CUSTOM	Process_SignIn::Process_SignIn	StartSignIn
2016-10-06	01:54:52	+0800	b180f487-a0d1-4756-9520-ab80b95a54ff	1	Process_SignIn	17	OK	PSTATE	TRANSITION_EXIT	StartSignIn	
2016-10-06	01:54:52	+0800	c21feef7-bd2c-4eee-9d44-fdac4924a55d	2	Process_SignIn	0	OK	PSTATE	TRANSITION_ENTER	TaskSignIn	
2016-10-06	01:54:52	+0800	c21feef7-bd2c-4eee-9d44-fdac4924a55d	2	Process State Start	6	OK	PROCESS_STATE_START	CUSTOM	Process_SignIn::Process_SignIn	TaskSignIn
2016-10-06	01:54:52	+0800	c21feef7-bd2c-4eee-9d44-fdac4924a55d	2	Process_SignIn	9	OK	PSTATE	TRANSITION_EXIT	TaskSignIn	
2016-10-06	01:55:12	+0800	77ea36d3-08f8-448b-9f06-548597195d87	1	Process_SignIn	0	OK	PSTATE	TRANSITION_ENTER	StartSignIn	
2016-10-06	01:55:12	+0800	77ea36d3-08f8-448b-9f06-548597195d87	1	Process Start	7	OK	PROCESS_START	CUSTOM	Process_SignIn::Process_SignIn	StartSignIn
2016-10-06	01:55:12	+0800	77ea36d3-08f8-448b-9f06-548597195d87	1	Process_SignIn	15	OK	PSTATE	TRANSITION_EXIT	StartSignIn	
2016-10-06	01:55:12	+0800	43e744c5-f0aa-4145-9503-25830aac1a9a	2	Process_SignIn	0	OK	PSTATE	TRANSITION_ENTER	TaskSignIn	
2016-10-06	01:55:12	+0800	43e744c5-f0aa-4145-9503-25830aac1a9a	2	Process State Start	5	OK	PROCESS_STATE_START	CUSTOM	Process_SignIn::Process_SignIn	TaskSignIn
2016-10-06	01:55:12	+0800	43e744c5-f0aa-4145-9503-25830aac1a9a	2	Process_SignIn	9	OK	PSTATE	TRANSITION_EXIT	TaskSignIn	
2016-10-06	01:56:22	+0800	de9c6ec4-7ee9-44d4-9c26-b2848ea71c00	1	Process_SignIn	0	OK	PSTATE	TRANSITION_ENTER	StartSignIn	
2016-10-06	01:56:22	+0800	de9c6ec4-7ee9-44d4-9c26-b2848ea71c00	1	Process Start	8	OK	PROCESS_START	CUSTOM	Process_SignIn::Process_SignIn	StartSignIn
2016-10-06	01:56:22	+0800	de9c6ec4-7ee9-44d4-9c26-b2848ea71c00	1	Process_SignIn	16	OK	PSTATE	TRANSITION_EXIT	StartSignIn	
2016-10-06	01:56:22	+0800	d11d92ce-8cc7-4089-9dab-e48f3582d5f1	2	Process_SignIn	0	OK	PSTATE	TRANSITION_ENTER	TaskSignIn	
2016-10-06	01:56:22	+0800	d11d92ce-8cc7-4089-9dab-e48f3582d5f1	2	Process State Start	4	OK	PROCESS_STATE_START	CUSTOM	Process_SignIn::Process_SignIn	TaskSignIn
2016-10-06	01:56:48	+0800	d10af2c1-dc62-4f0a-8916-9a8350faa4f7	1	Process_SignIn	0	OK	PSTATE	TRANSITION_ENTER	StartSignIn	
2016-10-06	01:56:48	+0800	d10af2c1-dc62-4f0a-8916-9a8350faa4f7	1	Process Start	8	OK	PROCESS_START	CUSTOM	Process_SignIn::Process_SignIn	StartSignIn
2016-10-06	01:56:48	+0800	d10af2c1-dc62-4f0a-8916-9a8350faa4f7	1	Process_SignIn	15	OK	PSTATE	TRANSITION_EXIT	StartSignIn	
2016-10-06	01:56:48	+0800	0fa81f8c-32da-49df-961e-a72df551cf44	2	Process_SignIn	0	OK	PSTATE	TRANSITION_ENTER	TaskSignIn	
2016-10-06	01:56:48	+0800	0fa81f8c-32da-49df-961e-a72df551cf44	2	Process State Start	4	OK	PROCESS_STATE_START	CUSTOM	Process_SignIn::Process_SignIn	TaskSignIn
2016-10-06	01:57:02	+0800	df44b17b-6ee0-47da-9a43-ea57d9359d0a	1	Process_SignIn	0	OK	PSTATE	TRANSITION_ENTER	StartSignIn	
2016-10-06	01:57:02	+0800	df44b17b-6ee0-47da-9a43-ea57d9359d0a	1	Process Start	7	OK	PROCESS_START	CUSTOM	Process_SignIn::Process_SignIn	StartSignIn
2016-10-06	01:57:02	+0800	df44b17b-6ee0-47da-9a43-ea57d9359d0a	1	Process_SignIn	19	OK	PSTATE	TRANSITION_EXIT	StartSignIn	
2016-10-06	01:57:02	+0800	419428b0-1f45-48e5-8d38-4f1bc2cc36f9	2	Process_SignIn	0	OK	PSTATE	TRANSITION_ENTER	TaskSignIn	
2016-10-06	01:57:02	+0800	419428b0-1f45-48e5-8d38-4f1bc2cc36f9	2	Process State Start	5	OK	PROCESS_STATE_START	CUSTOM	Process_SignIn::Process_SignIn	TaskSignIn
2016-10-06	01:57:53	+0800	21cd1ec3-0b1f-40f2-9b2d-d8cabbec5b91	1	Process_SignIn	0	OK	PSTATE	TRANSITION_ENTER	StartSignIn	
2016-10-06	01:57:53	+0800	21cd1ec3-0b1f-40f2-9b2d-d8cabbec5b91	1	Process Start	8	OK	PROCESS_START	CUSTOM	Process_SignIn::Process_SignIn	StartSignIn
2016-10-06	01:57:53	+0800	21cd1ec3-0b1f-40f2-9b2d-d8cabbec5b91	1	Process_SignIn	20	OK	PSTATE	TRANSITION_EXIT	StartSignIn	
2016-10-06	01:57:53	+0800	60ff5b7f-de0a-422a-982b-618aaa9c95ac	2	Process_SignIn	0	OK	PSTATE	TRANSITION_ENTER	TaskSignIn	
2016-10-06	01:57:53	+0800	60ff5b7f-de0a-422a-982b-618aaa9c95ac	2	Process State Start	6	OK	PROCESS_STATE_START	CUSTOM	Process_SignIn::Process_SignIn	TaskSignIn
2016-10-06	01:57:53	+0800	60ff5b7f-de0a-422a-982b-618aaa9c95ac	2	Process_SignIn	9	OK	PSTATE	TRANSITION_EXIT	TaskSignIn	
2016-10-06	01:57:53	+0800	5bfb4983-8434-4576-a9de-0a5ac4a15e88	3	Process_SignIn	0	OK	PSTATE	TRANSITION_ENTER	TaskSignInDone	
2016-10-06	01:57:53	+0800	5bfb4983-8434-4576-a9de-0a5ac4a15e88	3	Process State End	5	OK	PROCESS_STATE_END	CUSTOM	Process_SignIn::Process_SignIn	TaskSignIn
2016-10-06	01:57:53	+0800	5bfb4983-8434-4576-a9de-0a5ac4a15e88	3	Process_SignIn	7	OK	PSTATE	TRANSITION_EXIT	TaskSignInDone	
2016-10-06	01:57:53	+0800	12f124ae-507a-4afa-96bd-f00fbfb41ad4	4	Process_SignIn	0	OK	PSTATE	TRANSITION_ENTER	EndSignIn	
2016-10-06	01:57:53	+0800	12f124ae-507a-4afa-96bd-f00fbfb41ad4	4	Process End	5	OK	PROCESS_END	CUSTOM	Process_SignIn::Process_SignIn	EndSignIn
2016-10-06	01:57:53	+0800	12f124ae-507a-4afa-96bd-f00fbfb41ad4	4	Process_SignIn	9	OK	PSTATE	TRANSITION_EXIT	EndSignIn	
2016-10-06	02:24:32	+0800	e7b3dad6-a236-4d56-984d-949de417cb6d	1	POST create and start Process_SignIn process	0	OK	INTERFACE	SERVICE_ENTER		
2016-10-06	02:24:32	+0800	729f1706-cfe7-4d2a-a151-aed6700225d3	2	Process_SignIn	0	OK	PSTATE	TRANSITION_ENTER	StartSignIn	
2016-10-06	02:24:32	+0800	729f1706-cfe7-4d2a-a151-aed6700225d3	2	Process Start	2	OK	PROCESS_START	CUSTOM	Process_SignIn::f63d1610-8b28-11e6-aa1a-ad777350f765	StartSignIn
2016-10-06	02:24:32	+0800	729f1706-cfe7-4d2a-a151-aed6700225d3	2	Process_SignIn	7	OK	PSTATE	TRANSITION_EXIT	StartSignIn	
2016-10-06	02:24:32	+0800	6b2da5ef-860d-4567-8a6f-af889dbf3b9e	3	Process_SignIn	0	OK	PSTATE	TRANSITION_ENTER	TaskSignIn	
2016-10-06	02:24:32	+0800	6b2da5ef-860d-4567-8a6f-af889dbf3b9e	3	Process State Start	1	OK	PROCESS_STATE_START	CUSTOM	Process_SignIn::f63d1610-8b28-11e6-aa1a-ad777350f765	TaskSignIn
2016-10-06	02:24:32	+0800	6b2da5ef-860d-4567-8a6f-af889dbf3b9e	3	Process_SignIn	4	OK	PSTATE	TRANSITION_EXIT	TaskSignIn	
2016-10-06	02:24:32	+0800	e7b3dad6-a236-4d56-984d-949de417cb6d	1	POST create and start Process_SignIn process	44	OK	INTERFACE	SERVICE_EXIT		
2016-10-06	02:25:40	+0800	a3118412-d60d-4962-8b4b-8e9101b0c87e	4	PUT TaskSignIn task to be done Process_SignIn process	0	OK	INTERFACE	SERVICE_ENTER		
2016-10-06	02:25:40	+0800	4d8a929f-3e2c-4c18-af02-7cdfa7cac6f8	5	Process_SignIn	0	OK	PSTATE	TRANSITION_ENTER	TaskSignInDone	
2016-10-06	02:25:40	+0800	4d8a929f-3e2c-4c18-af02-7cdfa7cac6f8	5	Process State End	9	OK	PROCESS_STATE_END	CUSTOM	Process_SignIn::f63d1610-8b28-11e6-aa1a-ad777350f765	TaskSignIn
2016-10-06	02:25:40	+0800	4d8a929f-3e2c-4c18-af02-7cdfa7cac6f8	5	Process_SignIn	11	OK	PSTATE	TRANSITION_EXIT	TaskSignInDone	
2016-10-06	02:25:40	+0800	ee5b0867-6bf2-45e7-a37c-ad3e18437f16	6	Process_SignIn	0	OK	PSTATE	TRANSITION_ENTER	EndSignIn	
2016-10-06	02:25:40	+0800	ee5b0867-6bf2-45e7-a37c-ad3e18437f16	6	Process End	4	OK	PROCESS_END	CUSTOM	Process_SignIn::f63d1610-8b28-11e6-aa1a-ad777350f765	EndSignIn
2016-10-06	02:25:40	+0800	ee5b0867-6bf2-45e7-a37c-ad3e18437f16	6	Process_SignIn	7	OK	PSTATE	TRANSITION_EXIT	EndSignIn	
2016-10-06	02:25:40	+0800	a3118412-d60d-4962-8b4b-8e9101b0c87e	4	PUT TaskSignIn task to be done Process_SignIn process	29	OK	INTERFACE	SERVICE_EXIT		
2016-10-06	02:28:15	+0800	5aef4fcf-6547-4524-82b2-b207e65f0d7f	7	PUT TaskSignIn task to be done Process_SignIn process	0	OK	INTERFACE	SERVICE_ENTER		
2016-10-06	02:28:15	+0800	2a451d67-40b9-4a08-8667-0e21980a2737	8	Process_SignIn	0	OK	PSTATE	TRANSITION_ENTER	TaskSignInDone	
2016-10-06	02:28:15	+0800	2a451d67-40b9-4a08-8667-0e21980a2737	8	Process_SignIn	2	OK	PSTATE	TRANSITION_EXIT	TaskSignInDone	
2016-10-06	02:28:15	+0800	5aef4fcf-6547-4524-82b2-b207e65f0d7f	7	PUT TaskSignIn task to be done Process_SignIn process	7	OK	INTERFACE	SERVICE_EXIT		
2016-10-06	09:42:48	+0800	ac420351-ffc5-497b-bd44-171290a46037	9	POST create Process_SignIn process	0	OK	INTERFACE	SERVICE_ENTER		
2016-10-06	09:42:48	+0800	ac420351-ffc5-497b-bd44-171290a46037	9	POST create Process_SignIn process	8	OK	INTERFACE	SERVICE_EXIT		
2016-10-06	10:31:06	+0800	1eaea6ab-12ef-4100-9b95-3dec01fe6782	10	PUT StartSignIn message to Process_SignIn process	0	OK	INTERFACE	SERVICE_ENTER		
2016-10-06	10:31:06	+0800	322d193e-6fb4-49ab-8eac-c9a2b7acdae5	11	Process_SignIn	0	OK	PSTATE	TRANSITION_ENTER	StartSignIn	
2016-10-06	10:31:06	+0800	322d193e-6fb4-49ab-8eac-c9a2b7acdae5	11	Process Start	98	OK	PROCESS_START	CUSTOM	Process_SignIn::2ffbb950-8b66-11e6-aa1a-ad777350f765	StartSignIn
2016-10-06	10:31:06	+0800	322d193e-6fb4-49ab-8eac-c9a2b7acdae5	11	Process_SignIn	102	OK	PSTATE	TRANSITION_EXIT	StartSignIn	
2016-10-06	10:31:06	+0800	df3d9b82-25d2-494b-a801-c9f5ffee9476	12	Process_SignIn	0	OK	PSTATE	TRANSITION_ENTER	TaskSignIn	
2016-10-06	10:31:06	+0800	df3d9b82-25d2-494b-a801-c9f5ffee9476	12	Process State Start	2	OK	PROCESS_STATE_START	CUSTOM	Process_SignIn::2ffbb950-8b66-11e6-aa1a-ad777350f765	TaskSignIn
2016-10-06	10:31:06	+0800	df3d9b82-25d2-494b-a801-c9f5ffee9476	12	Process_SignIn	4	OK	PSTATE	TRANSITION_EXIT	TaskSignIn	
2016-10-06	10:31:06	+0800	1eaea6ab-12ef-4100-9b95-3dec01fe6782	10	PUT StartSignIn message to Process_SignIn process	116	OK	INTERFACE	SERVICE_EXIT		
