2016-10-05	16:06:43	+0800	29096597-0374-411f-9dd3-4888e8055202	1	Task	0	OK	PSTATE	TRANSITION_ENTER	MyStart	
2016-10-05	16:06:43	+0800	29096597-0374-411f-9dd3-4888e8055202	1	Process Start	17	OK	PROCESS_START	CUSTOM	Task::null	MyStart
2016-10-05	16:06:43	+0800	29096597-0374-411f-9dd3-4888e8055202	1	Task	37	OK	PSTATE	TRANSITION_EXIT	MyStart	
2016-10-05	16:06:43	+0800	9ff2d695-6268-4725-b168-87bdbe17f533	2	Task	0	OK	PSTATE	TRANSITION_ENTER	MyTask	
2016-10-05	16:06:43	+0800	9ff2d695-6268-4725-b168-87bdbe17f533	2	Process State Start	3	OK	PROCESS_STATE_START	CUSTOM	Task::null	MyTask
2016-10-05	16:06:43	+0800	9ff2d695-6268-4725-b168-87bdbe17f533	2	Task	9	OK	PSTATE	TRANSITION_EXIT	MyTask	
2016-10-05	17:36:39	+0800	d268daec-b65c-48d9-a48f-fe84dc9d1722	1	Task1	0	OK	PSTATE	TRANSITION_ENTER	MyStart	
2016-10-05	17:36:39	+0800	d268daec-b65c-48d9-a48f-fe84dc9d1722	1	Process Start	7	OK	PROCESS_START	CUSTOM	Task1::null	MyStart
2016-10-05	17:36:40	+0800	d268daec-b65c-48d9-a48f-fe84dc9d1722	1	Task1	30	OK	PSTATE	TRANSITION_EXIT	MyStart	
2016-10-05	17:36:40	+0800	85ca4706-89a8-4706-88ea-de2c9332e9ee	2	Task1	0	OK	PSTATE	TRANSITION_ENTER	MyTask	
2016-10-05	17:36:40	+0800	85ca4706-89a8-4706-88ea-de2c9332e9ee	2	Process State Start	2	OK	PROCESS_STATE_START	CUSTOM	Task1::null	MyTask
2016-10-05	17:36:40	+0800	85ca4706-89a8-4706-88ea-de2c9332e9ee	2	Task1	7	OK	PSTATE	TRANSITION_EXIT	MyTask	
2016-10-05	17:41:57	+0800	1a79500e-c3a0-466d-82b2-de4473b50f12	1	Task1	0	OK	PSTATE	TRANSITION_ENTER	MyStart	
2016-10-05	17:41:57	+0800	1a79500e-c3a0-466d-82b2-de4473b50f12	1	Process Start	5	OK	PROCESS_START	CUSTOM	Task1::null	MyStart
2016-10-05	17:41:57	+0800	1a79500e-c3a0-466d-82b2-de4473b50f12	1	Task1	19	OK	PSTATE	TRANSITION_EXIT	MyStart	
2016-10-05	17:41:57	+0800	c3dd3609-3cc2-4c12-b18d-6be0985732ee	2	Task1	0	OK	PSTATE	TRANSITION_ENTER	MyTask	
2016-10-05	17:41:57	+0800	c3dd3609-3cc2-4c12-b18d-6be0985732ee	2	Process State Start	5	OK	PROCESS_STATE_START	CUSTOM	Task1::null	MyTask
2016-10-05	17:41:57	+0800	c3dd3609-3cc2-4c12-b18d-6be0985732ee	2	Task1	9	OK	PSTATE	TRANSITION_EXIT	MyTask	
2016-10-05	17:44:56	+0800	996cdce6-4931-4775-b1a4-dfd9230d3e0e	1	Task1	0	OK	PSTATE	TRANSITION_ENTER	MyStart	
2016-10-05	17:44:56	+0800	996cdce6-4931-4775-b1a4-dfd9230d3e0e	1	Process Start	6	OK	PROCESS_START	CUSTOM	Task1::null	MyStart
2016-10-05	17:44:56	+0800	996cdce6-4931-4775-b1a4-dfd9230d3e0e	1	Task1	26	OK	PSTATE	TRANSITION_EXIT	MyStart	
2016-10-05	17:44:56	+0800	17967a4c-8224-4198-8790-5cb9407f66d6	2	Task1	0	OK	PSTATE	TRANSITION_ENTER	MyTask	
2016-10-05	17:44:56	+0800	17967a4c-8224-4198-8790-5cb9407f66d6	2	Process State Start	3	OK	PROCESS_STATE_START	CUSTOM	Task1::null	MyTask
2016-10-05	17:44:56	+0800	17967a4c-8224-4198-8790-5cb9407f66d6	2	Task1	8	OK	PSTATE	TRANSITION_EXIT	MyTask	
2016-10-05	17:45:46	+0800	e660e990-ca37-4c86-859a-a4626e6408c3	1	Task1	0	OK	PSTATE	TRANSITION_ENTER	MyStart	
2016-10-05	17:45:46	+0800	e660e990-ca37-4c86-859a-a4626e6408c3	1	Process Start	6	OK	PROCESS_START	CUSTOM	Task1::null	MyStart
2016-10-05	17:45:46	+0800	e660e990-ca37-4c86-859a-a4626e6408c3	1	Task1	24	OK	PSTATE	TRANSITION_EXIT	MyStart	
2016-10-05	17:45:46	+0800	e7d3cdfd-2386-4312-834d-8c2cbefdc28e	2	Task1	0	OK	PSTATE	TRANSITION_ENTER	MyTask	
2016-10-05	17:45:46	+0800	e7d3cdfd-2386-4312-834d-8c2cbefdc28e	2	Process State Start	2	OK	PROCESS_STATE_START	CUSTOM	Task1::null	MyTask
2016-10-05	17:45:46	+0800	e7d3cdfd-2386-4312-834d-8c2cbefdc28e	2	Task1	6	OK	PSTATE	TRANSITION_EXIT	MyTask	
2016-10-05	17:46:45	+0800	3465021d-3586-433e-9f58-359da7beefca	1	Task1	0	OK	PSTATE	TRANSITION_ENTER	MyStart	
2016-10-05	17:46:45	+0800	3465021d-3586-433e-9f58-359da7beefca	1	Process Start	9	OK	PROCESS_START	CUSTOM	Task1::null	MyStart
2016-10-05	17:46:45	+0800	3465021d-3586-433e-9f58-359da7beefca	1	Task1	33	OK	PSTATE	TRANSITION_EXIT	MyStart	
2016-10-05	17:46:45	+0800	07e5aa7d-708c-4f46-8b27-83dcf28ac170	2	Task1	0	OK	PSTATE	TRANSITION_ENTER	MyTask	
2016-10-05	17:46:45	+0800	07e5aa7d-708c-4f46-8b27-83dcf28ac170	2	Process State Start	3	OK	PROCESS_STATE_START	CUSTOM	Task1::null	MyTask
2016-10-05	17:46:45	+0800	07e5aa7d-708c-4f46-8b27-83dcf28ac170	2	Task1	9	OK	PSTATE	TRANSITION_EXIT	MyTask	
2016-10-05	17:48:10	+0800	7c885760-6b69-4472-b57f-3d51731eb860	1	Task1	0	OK	PSTATE	TRANSITION_ENTER	MyStart	
2016-10-05	17:48:10	+0800	7c885760-6b69-4472-b57f-3d51731eb860	1	Process Start	10	OK	PROCESS_START	CUSTOM	Task1::null	MyStart
2016-10-05	17:48:10	+0800	7c885760-6b69-4472-b57f-3d51731eb860	1	Task1	39	OK	PSTATE	TRANSITION_EXIT	MyStart	
2016-10-05	17:48:10	+0800	f4fe238a-57d4-47f1-95fb-c92222c3a101	2	Task1	0	OK	PSTATE	TRANSITION_ENTER	MyTask	
2016-10-05	17:48:10	+0800	f4fe238a-57d4-47f1-95fb-c92222c3a101	2	Process State Start	3	OK	PROCESS_STATE_START	CUSTOM	Task1::null	MyTask
2016-10-05	17:48:10	+0800	f4fe238a-57d4-47f1-95fb-c92222c3a101	2	Task1	9	OK	PSTATE	TRANSITION_EXIT	MyTask	
2016-10-05	19:05:21	+0800	d3bbcd03-0c96-4c78-bf87-e1be5c70ad15	1	Task	0	OK	PSTATE	TRANSITION_ENTER	MyStart	
2016-10-05	19:05:21	+0800	d3bbcd03-0c96-4c78-bf87-e1be5c70ad15	1	Process Start	8	OK	PROCESS_START	CUSTOM	Task::null	MyStart
2016-10-05	19:05:21	+0800	d3bbcd03-0c96-4c78-bf87-e1be5c70ad15	1	Task	31	OK	PSTATE	TRANSITION_EXIT	MyStart	
2016-10-05	19:05:21	+0800	2f4b7336-1958-495a-b561-62ffb0422895	2	Task	0	OK	PSTATE	TRANSITION_ENTER	MyTask	
2016-10-05	19:05:21	+0800	2f4b7336-1958-495a-b561-62ffb0422895	2	Process State Start	2	OK	PROCESS_STATE_START	CUSTOM	Task::null	MyTask
2016-10-05	19:05:21	+0800	2f4b7336-1958-495a-b561-62ffb0422895	2	Task	7	OK	PSTATE	TRANSITION_EXIT	MyTask	
2016-10-05	19:06:43	+0800	1be5bade-3604-4a3d-a6d2-d487350dc17e	1	Task	0	OK	PSTATE	TRANSITION_ENTER	MyStart	
2016-10-05	19:06:43	+0800	1be5bade-3604-4a3d-a6d2-d487350dc17e	1	Process Start	7	OK	PROCESS_START	CUSTOM	Task::null	MyStart
2016-10-05	19:06:43	+0800	1be5bade-3604-4a3d-a6d2-d487350dc17e	1	Task	29	OK	PSTATE	TRANSITION_EXIT	MyStart	
2016-10-05	19:06:43	+0800	af0158e7-e130-4116-8aef-3b13e0d80775	2	Task	0	OK	PSTATE	TRANSITION_ENTER	MyTask	
2016-10-05	19:06:43	+0800	af0158e7-e130-4116-8aef-3b13e0d80775	2	Process State Start	4	OK	PROCESS_STATE_START	CUSTOM	Task::null	MyTask
2016-10-05	19:06:43	+0800	af0158e7-e130-4116-8aef-3b13e0d80775	2	Task	8	OK	PSTATE	TRANSITION_EXIT	MyTask	
2016-10-05	19:39:17	+0800	b2dab421-56de-4660-bd8b-55b5a2a9a6e4	1	Signin	0	OK	PSTATE	TRANSITION_ENTER	StartSignIn	
2016-10-05	19:39:17	+0800	b2dab421-56de-4660-bd8b-55b5a2a9a6e4	1	Process Start	8	OK	PROCESS_START	CUSTOM	Signin::null	StartSignIn
2016-10-05	19:39:17	+0800	b2dab421-56de-4660-bd8b-55b5a2a9a6e4	1	Signin	27	OK	PSTATE	TRANSITION_EXIT	StartSignIn	
2016-10-05	19:39:17	+0800	1c29ab3e-4da9-40de-bd4e-16d1f25cc9d6	2	Signin	0	OK	PSTATE	TRANSITION_ENTER	TaskSignIn	
2016-10-05	19:39:17	+0800	1c29ab3e-4da9-40de-bd4e-16d1f25cc9d6	2	Process State Start	4	OK	PROCESS_STATE_START	CUSTOM	Signin::null	TaskSignIn
2016-10-05	19:39:17	+0800	1c29ab3e-4da9-40de-bd4e-16d1f25cc9d6	2	Signin	9	OK	PSTATE	TRANSITION_EXIT	TaskSignIn	
2016-10-05	19:45:21	+0800	fb579201-3645-4ef5-bfc6-42b3dc399526	1	Signin	0	OK	PSTATE	TRANSITION_ENTER	StartSignIn	
2016-10-05	19:45:21	+0800	fb579201-3645-4ef5-bfc6-42b3dc399526	1	Process Start	9	OK	PROCESS_START	CUSTOM	Signin::null	StartSignIn
2016-10-05	19:45:21	+0800	fb579201-3645-4ef5-bfc6-42b3dc399526	1	Signin	36	OK	PSTATE	TRANSITION_EXIT	StartSignIn	
2016-10-05	19:45:21	+0800	1e950630-bff6-4c58-b8d7-8a24e5236729	2	Signin	0	OK	PSTATE	TRANSITION_ENTER	TaskSignIn	
2016-10-05	19:45:21	+0800	1e950630-bff6-4c58-b8d7-8a24e5236729	2	Process State Start	5	OK	PROCESS_STATE_START	CUSTOM	Signin::null	TaskSignIn
2016-10-05	19:45:36	+0800	20ca800d-40f8-41b7-ba26-91d57d33d3c9	1	Signin	0	OK	PSTATE	TRANSITION_ENTER	StartSignIn	
2016-10-05	19:45:36	+0800	20ca800d-40f8-41b7-ba26-91d57d33d3c9	1	Process Start	12	OK	PROCESS_START	CUSTOM	Signin::null	StartSignIn
2016-10-05	19:45:36	+0800	20ca800d-40f8-41b7-ba26-91d57d33d3c9	1	Signin	29	OK	PSTATE	TRANSITION_EXIT	StartSignIn	
2016-10-05	19:45:36	+0800	944ec32f-70e1-438f-8263-8520a47d3741	2	Signin	0	OK	PSTATE	TRANSITION_ENTER	TaskSignIn	
2016-10-05	19:45:36	+0800	944ec32f-70e1-438f-8263-8520a47d3741	2	Process State Start	3	OK	PROCESS_STATE_START	CUSTOM	Signin::null	TaskSignIn
2016-10-05	20:36:15	+0800	77a0f9a8-a32f-4966-b393-66d14e2c471b	1	Signin	0	OK	PSTATE	TRANSITION_ENTER	StartSignIn	
2016-10-05	20:36:15	+0800	77a0f9a8-a32f-4966-b393-66d14e2c471b	1	Process Start	8	OK	PROCESS_START	CUSTOM	Signin::null	StartSignIn
2016-10-05	20:36:15	+0800	77a0f9a8-a32f-4966-b393-66d14e2c471b	1	Signin	37	OK	PSTATE	TRANSITION_EXIT	StartSignIn	
2016-10-05	20:36:15	+0800	b0ef75c9-07dd-450d-8ecc-df53ee6bbf2f	2	Signin	0	OK	PSTATE	TRANSITION_ENTER	TaskSignIn	
2016-10-05	20:36:15	+0800	b0ef75c9-07dd-450d-8ecc-df53ee6bbf2f	2	Process State Start	3	OK	PROCESS_STATE_START	CUSTOM	Signin::null	TaskSignIn
2016-10-05	20:36:15	+0800	b0ef75c9-07dd-450d-8ecc-df53ee6bbf2f	2	Signin	8	OK	PSTATE	TRANSITION_EXIT	TaskSignIn	
2016-10-05	20:41:53	+0800	2a9d6e72-0f27-4fc2-b888-2bb7aaadd04a	1	POST create TaskExampleProcess process	0	OK	INTERFACE	SERVICE_ENTER		
2016-10-05	20:41:53	+0800	2a9d6e72-0f27-4fc2-b888-2bb7aaadd04a	1	POST create TaskExampleProcess process	39	ERROR	INTERFACE	SERVICE_EXIT		
2016-10-05	20:42:40	+0800	4eb602f5-a189-4b60-9246-49d0bbcb9407	2	POST create TaskExampleProcess process	0	OK	INTERFACE	SERVICE_ENTER		
2016-10-05	20:42:40	+0800	4eb602f5-a189-4b60-9246-49d0bbcb9407	2	POST create TaskExampleProcess process	7	ERROR	INTERFACE	SERVICE_EXIT		
2016-10-05	20:43:42	+0800	0054ec26-aee4-4d23-9b4c-295dee43cf3c	3	POST create TaskExampleProcess process	0	OK	INTERFACE	SERVICE_ENTER		
2016-10-05	20:43:42	+0800	0054ec26-aee4-4d23-9b4c-295dee43cf3c	3	POST create TaskExampleProcess process	5	ERROR	INTERFACE	SERVICE_EXIT		
2016-10-05	20:44:41	+0800	59a80cd8-2414-4906-b489-56533c6cae74	4	POST create and start gridbpmn process	0	OK	INTERFACE	SERVICE_ENTER		
2016-10-05	20:44:41	+0800	59a80cd8-2414-4906-b489-56533c6cae74	4	POST create and start gridbpmn process	2	ERROR	INTERFACE	SERVICE_EXIT		
2016-10-05	20:46:08	+0800	b0c68a27-b0c8-47bc-a300-37590faa2cd0	5	POST create and start gridbpmn process	0	OK	INTERFACE	SERVICE_ENTER		
2016-10-05	20:46:08	+0800	b0c68a27-b0c8-47bc-a300-37590faa2cd0	5	POST create and start gridbpmn process	3	ERROR	INTERFACE	SERVICE_EXIT		
2016-10-05	20:46:26	+0800	ee3a6385-2043-4c61-802a-0d7b6615195d	6	POST create Process_1 process	0	OK	INTERFACE	SERVICE_ENTER		
2016-10-05	20:46:26	+0800	ee3a6385-2043-4c61-802a-0d7b6615195d	6	POST create Process_1 process	4	ERROR	INTERFACE	SERVICE_EXIT		
2016-10-05	21:46:43	+0800	f65f7db7-6a97-43fa-a9e4-d89c8b297c89	1	POST create Process_1 process	0	OK	INTERFACE	SERVICE_ENTER		
2016-10-05	21:46:43	+0800	f65f7db7-6a97-43fa-a9e4-d89c8b297c89	1	POST create Process_1 process	35	ERROR	INTERFACE	SERVICE_EXIT		
2016-10-05	21:47:15	+0800	570a094d-cd36-419b-978b-5ebbf5744603	2	POST create and start signin.bpmn process	0	OK	INTERFACE	SERVICE_ENTER		
2016-10-05	21:47:15	+0800	570a094d-cd36-419b-978b-5ebbf5744603	2	POST create and start signin.bpmn process	7	ERROR	INTERFACE	SERVICE_EXIT		
2016-10-05	22:42:57	+0800	513352b2-9d06-4995-92a7-e32058a46591	1	Process_SignIn	0	OK	PSTATE	TRANSITION_ENTER	StartSignIn	
2016-10-05	22:42:57	+0800	513352b2-9d06-4995-92a7-e32058a46591	1	Process Start	6	OK	PROCESS_START	CUSTOM	Process_SignIn::Process_SignIn	StartSignIn
2016-10-05	22:42:57	+0800	513352b2-9d06-4995-92a7-e32058a46591	1	Process_SignIn	13	OK	PSTATE	TRANSITION_EXIT	StartSignIn	
2016-10-05	22:42:57	+0800	044f8387-3c41-4516-b091-416bf0d7e723	2	Process_SignIn	0	OK	PSTATE	TRANSITION_ENTER	TaskSignIn	
2016-10-05	22:42:57	+0800	044f8387-3c41-4516-b091-416bf0d7e723	2	Process State Start	10	OK	PROCESS_STATE_START	CUSTOM	Process_SignIn::Process_SignIn	TaskSignIn
2016-10-05	22:42:57	+0800	044f8387-3c41-4516-b091-416bf0d7e723	2	Process_SignIn	13	OK	PSTATE	TRANSITION_EXIT	TaskSignIn	
2016-10-05	22:44:53	+0800	78850255-18a4-4541-ab57-ec1f4e6f9191	1	Process_SignIn	0	OK	PSTATE	TRANSITION_ENTER	StartSignIn	
2016-10-05	22:44:53	+0800	78850255-18a4-4541-ab57-ec1f4e6f9191	1	Process Start	8	OK	PROCESS_START	CUSTOM	Process_SignIn::Process_SignIn	StartSignIn
2016-10-05	22:44:53	+0800	78850255-18a4-4541-ab57-ec1f4e6f9191	1	Process_SignIn	16	OK	PSTATE	TRANSITION_EXIT	StartSignIn	
2016-10-05	22:44:53	+0800	8bdc3bf7-5f18-4588-8472-03ab1a35bef4	2	Process_SignIn	0	OK	PSTATE	TRANSITION_ENTER	TaskSignIn	
2016-10-05	22:44:53	+0800	8bdc3bf7-5f18-4588-8472-03ab1a35bef4	2	Process State Start	3	OK	PROCESS_STATE_START	CUSTOM	Process_SignIn::Process_SignIn	TaskSignIn
2016-10-05	22:44:53	+0800	8bdc3bf7-5f18-4588-8472-03ab1a35bef4	2	Process_SignIn	6	OK	PSTATE	TRANSITION_EXIT	TaskSignIn	
2016-10-05	22:46:19	+0800	dcb2d51f-9da7-470e-8ebc-d6dca85d8b29	1	Process_SignIn	0	OK	PSTATE	TRANSITION_ENTER	StartSignIn	
2016-10-05	22:46:19	+0800	dcb2d51f-9da7-470e-8ebc-d6dca85d8b29	1	Process Start	7	OK	PROCESS_START	CUSTOM	Process_SignIn::Process_SignIn	StartSignIn
2016-10-05	22:46:19	+0800	dcb2d51f-9da7-470e-8ebc-d6dca85d8b29	1	Process_SignIn	15	OK	PSTATE	TRANSITION_EXIT	StartSignIn	
2016-10-05	22:46:19	+0800	f63a8344-63a1-429b-9eca-d55d4c6208b8	2	Process_SignIn	0	OK	PSTATE	TRANSITION_ENTER	TaskSignIn	
2016-10-05	22:46:19	+0800	f63a8344-63a1-429b-9eca-d55d4c6208b8	2	Process State Start	7	OK	PROCESS_STATE_START	CUSTOM	Process_SignIn::Process_SignIn	TaskSignIn
2016-10-05	22:46:19	+0800	f63a8344-63a1-429b-9eca-d55d4c6208b8	2	Process_SignIn	11	OK	PSTATE	TRANSITION_EXIT	TaskSignIn	
2016-10-05	22:47:35	+0800	ecbb21e1-0645-44f9-9330-6f54c267606e	1	Process_SignIn	0	OK	PSTATE	TRANSITION_ENTER	StartSignIn	
2016-10-05	22:47:35	+0800	ecbb21e1-0645-44f9-9330-6f54c267606e	1	Process Start	7	OK	PROCESS_START	CUSTOM	Process_SignIn::Process_SignIn	StartSignIn
2016-10-05	22:47:35	+0800	ecbb21e1-0645-44f9-9330-6f54c267606e	1	Process_SignIn	20	OK	PSTATE	TRANSITION_EXIT	StartSignIn	
2016-10-05	22:47:35	+0800	717bb080-ff2d-4fc7-bf91-93891b152c87	2	Process_SignIn	0	OK	PSTATE	TRANSITION_ENTER	TaskSignIn	
2016-10-05	22:47:35	+0800	717bb080-ff2d-4fc7-bf91-93891b152c87	2	Process State Start	6	OK	PROCESS_STATE_START	CUSTOM	Process_SignIn::Process_SignIn	TaskSignIn
2016-10-05	22:47:35	+0800	717bb080-ff2d-4fc7-bf91-93891b152c87	2	Process_SignIn	10	OK	PSTATE	TRANSITION_EXIT	TaskSignIn	
2016-10-05	22:48:12	+0800	3c977a3e-cbd4-4805-b9eb-22b0200fc2bd	1	Process_SignIn	0	OK	PSTATE	TRANSITION_ENTER	StartSignIn	
2016-10-05	22:48:12	+0800	3c977a3e-cbd4-4805-b9eb-22b0200fc2bd	1	Process Start	9	OK	PROCESS_START	CUSTOM	Process_SignIn::Process_SignIn	StartSignIn
2016-10-05	22:48:12	+0800	3c977a3e-cbd4-4805-b9eb-22b0200fc2bd	1	Process_SignIn	25	OK	PSTATE	TRANSITION_EXIT	StartSignIn	
2016-10-05	22:48:12	+0800	af62e3e6-de42-4ad8-9850-9e2fe8b8b870	2	Process_SignIn	0	OK	PSTATE	TRANSITION_ENTER	TaskSignIn	
2016-10-05	22:48:12	+0800	af62e3e6-de42-4ad8-9850-9e2fe8b8b870	2	Process State Start	2	OK	PROCESS_STATE_START	CUSTOM	Process_SignIn::Process_SignIn	TaskSignIn
2016-10-05	22:48:12	+0800	af62e3e6-de42-4ad8-9850-9e2fe8b8b870	2	Process_SignIn	6	OK	PSTATE	TRANSITION_EXIT	TaskSignIn	
2016-10-05	23:00:27	+0800	32102a30-ab16-4721-93d7-8e03077eee6c	1	GET  processes	0	OK	INTERFACE	SERVICE_ENTER		
2016-10-05	23:00:27	+0800	32102a30-ab16-4721-93d7-8e03077eee6c	1	GET  processes	38	OK	INTERFACE	SERVICE_EXIT		
2016-10-05	23:00:28	+0800	f9b7bf71-a8df-4975-bed9-2cdb603cb774	2	GET favicon.ico processes	0	OK	INTERFACE	SERVICE_ENTER		
2016-10-05	23:00:28	+0800	f9b7bf71-a8df-4975-bed9-2cdb603cb774	2	GET favicon.ico processes	15	OK	INTERFACE	SERVICE_EXIT		
2016-10-05	23:00:28	+0800	7891eb7b-e153-423a-b80c-ae5ac5653cb8	3	GET favicon.ico processes	0	OK	INTERFACE	SERVICE_ENTER		
2016-10-05	23:00:28	+0800	7891eb7b-e153-423a-b80c-ae5ac5653cb8	3	GET favicon.ico processes	3	OK	INTERFACE	SERVICE_EXIT		
2016-10-05	23:01:00	+0800	bdfce934-997a-43f4-8347-a641746765fa	4	GET Process_SignIn processes	0	OK	INTERFACE	SERVICE_ENTER		
2016-10-05	23:01:00	+0800	bdfce934-997a-43f4-8347-a641746765fa	4	GET Process_SignIn processes	4	OK	INTERFACE	SERVICE_EXIT		
2016-10-05	23:01:00	+0800	1d19ee07-9b5d-4e7e-95ef-be2c2763d918	5	GET favicon.ico processes	0	OK	INTERFACE	SERVICE_ENTER		
2016-10-05	23:01:00	+0800	1d19ee07-9b5d-4e7e-95ef-be2c2763d918	5	GET favicon.ico processes	4	OK	INTERFACE	SERVICE_EXIT		
2016-10-05	23:01:01	+0800	e731a7a6-dd1c-4f2b-9c47-3f1c05b91ed5	6	GET favicon.ico processes	0	OK	INTERFACE	SERVICE_ENTER		
2016-10-05	23:01:01	+0800	e731a7a6-dd1c-4f2b-9c47-3f1c05b91ed5	6	GET favicon.ico processes	6	OK	INTERFACE	SERVICE_EXIT		
2016-10-05	23:27:16	+0800	9b4f0de6-e720-437f-910f-540028180ed0	1	GET  processes	0	OK	INTERFACE	SERVICE_ENTER		
2016-10-05	23:27:16	+0800	9b4f0de6-e720-437f-910f-540028180ed0	1	GET  processes	31	OK	INTERFACE	SERVICE_EXIT		
2016-10-05	23:27:17	+0800	7053f901-cd8e-4ca1-8ffe-0923768c3278	2	GET favicon.ico processes	0	OK	INTERFACE	SERVICE_ENTER		
2016-10-05	23:27:17	+0800	7053f901-cd8e-4ca1-8ffe-0923768c3278	2	GET favicon.ico processes	4	OK	INTERFACE	SERVICE_EXIT		
2016-10-05	23:27:17	+0800	8caef9d0-6fca-4c95-bf2a-366d983d49d9	3	GET favicon.ico processes	0	OK	INTERFACE	SERVICE_ENTER		
2016-10-05	23:27:17	+0800	8caef9d0-6fca-4c95-bf2a-366d983d49d9	3	GET favicon.ico processes	2	OK	INTERFACE	SERVICE_EXIT		
2016-10-05	23:51:04	+0800	32e96a08-cc19-412d-afce-515f456be709	4	POST create and start Process_SignIn process	0	OK	INTERFACE	SERVICE_ENTER		
2016-10-05	23:51:04	+0800	cd886783-8c79-481a-9db6-9284f9ab1ed1	5	Process_SignIn	0	OK	PSTATE	TRANSITION_ENTER	StartSignIn	
2016-10-05	23:51:04	+0800	cd886783-8c79-481a-9db6-9284f9ab1ed1	5	Process Start	2	OK	PROCESS_START	CUSTOM	Process_SignIn::85b61140-8b13-11e6-a68e-3782bb45b5da	StartSignIn
2016-10-05	23:51:04	+0800	cd886783-8c79-481a-9db6-9284f9ab1ed1	5	Process_SignIn	6	OK	PSTATE	TRANSITION_EXIT	StartSignIn	
2016-10-05	23:51:04	+0800	9c5a47cf-8d97-4783-bced-6334fd30a4e3	6	Process_SignIn	0	OK	PSTATE	TRANSITION_ENTER	TaskSignIn	
2016-10-05	23:51:04	+0800	9c5a47cf-8d97-4783-bced-6334fd30a4e3	6	Process State Start	3	OK	PROCESS_STATE_START	CUSTOM	Process_SignIn::85b61140-8b13-11e6-a68e-3782bb45b5da	TaskSignIn
2016-10-05	23:51:04	+0800	9c5a47cf-8d97-4783-bced-6334fd30a4e3	6	Process_SignIn	5	OK	PSTATE	TRANSITION_EXIT	TaskSignIn	
2016-10-05	23:51:04	+0800	32e96a08-cc19-412d-afce-515f456be709	4	POST create and start Process_SignIn process	43	OK	INTERFACE	SERVICE_EXIT		
2016-10-05	23:51:39	+0800	a92f6497-6b3a-404e-97de-cfa2bec01698	7	POST create and start Process_SignIn process	0	OK	INTERFACE	SERVICE_ENTER		
2016-10-05	23:51:39	+0800	4bab12ac-c7e8-487b-a899-a28e677eae41	8	Process_SignIn	0	OK	PSTATE	TRANSITION_ENTER	StartSignIn	
2016-10-05	23:51:39	+0800	4bab12ac-c7e8-487b-a899-a28e677eae41	8	Process Start	2	OK	PROCESS_START	CUSTOM	Process_SignIn::9ad83940-8b13-11e6-a68e-3782bb45b5da	StartSignIn
2016-10-05	23:51:39	+0800	4bab12ac-c7e8-487b-a899-a28e677eae41	8	Process_SignIn	5	OK	PSTATE	TRANSITION_EXIT	StartSignIn	
2016-10-05	23:51:39	+0800	80cc7709-008a-4ad1-9ef6-971b4302d8f1	9	Process_SignIn	0	OK	PSTATE	TRANSITION_ENTER	TaskSignIn	
2016-10-05	23:51:39	+0800	80cc7709-008a-4ad1-9ef6-971b4302d8f1	9	Process State Start	1	OK	PROCESS_STATE_START	CUSTOM	Process_SignIn::9ad83940-8b13-11e6-a68e-3782bb45b5da	TaskSignIn
2016-10-05	23:51:40	+0800	80cc7709-008a-4ad1-9ef6-971b4302d8f1	9	Process_SignIn	3	OK	PSTATE	TRANSITION_EXIT	TaskSignIn	
2016-10-05	23:51:40	+0800	a92f6497-6b3a-404e-97de-cfa2bec01698	7	POST create and start Process_SignIn process	17	OK	INTERFACE	SERVICE_EXIT		
2016-10-05	23:52:01	+0800	e1449b42-667c-428a-b411-a9e01f6b7edb	10	POST create and start Process_SignIn process	0	OK	INTERFACE	SERVICE_ENTER		
2016-10-05	23:52:01	+0800	86fbb687-6680-46e2-ae0f-ec57df3b203c	11	Process_SignIn	0	OK	PSTATE	TRANSITION_ENTER	StartSignIn	
2016-10-05	23:52:01	+0800	86fbb687-6680-46e2-ae0f-ec57df3b203c	11	Process Start	4	OK	PROCESS_START	CUSTOM	Process_SignIn::a7ec2790-8b13-11e6-a68e-3782bb45b5da	StartSignIn
2016-10-05	23:52:01	+0800	86fbb687-6680-46e2-ae0f-ec57df3b203c	11	Process_SignIn	7	OK	PSTATE	TRANSITION_EXIT	StartSignIn	
2016-10-05	23:52:01	+0800	21d58653-7369-4716-8c7d-04467b3409aa	12	Process_SignIn	0	OK	PSTATE	TRANSITION_ENTER	TaskSignIn	
2016-10-05	23:52:01	+0800	21d58653-7369-4716-8c7d-04467b3409aa	12	Process State Start	2	OK	PROCESS_STATE_START	CUSTOM	Process_SignIn::a7ec2790-8b13-11e6-a68e-3782bb45b5da	TaskSignIn
2016-10-05	23:52:01	+0800	21d58653-7369-4716-8c7d-04467b3409aa	12	Process_SignIn	5	OK	PSTATE	TRANSITION_EXIT	TaskSignIn	
2016-10-05	23:52:01	+0800	e1449b42-667c-428a-b411-a9e01f6b7edb	10	POST create and start Process_SignIn process	22	OK	INTERFACE	SERVICE_EXIT		
